{"level":"info","message":"Server is now running and listening on http://0.0.0.0:8000","timestamp":"2024-09-14T17:15:57.277Z"}
{"level":"info","message":"Connected to SQLite database","timestamp":"2024-09-14T17:15:57.283Z"}
{"__augmented":true,"code":"SQLITE_ERROR","errno":1,"level":"error","message":"Error querying database: SQLITE_ERROR: no such table: rules","stack":"Error: SQLITE_ERROR: no such table: rules\n--> in Database#all('SELECT * FROM rules LIMIT 1', [Function (anonymous)])\n    at Database.<anonymous> (/Users/morente/Desktop/Logica_IoT/iot-sbr-logica-para-bots/backend/src/app.js:36:8)","timestamp":"2024-09-14T17:15:57.299Z"}
{"level":"info","message":"Connected to MQTT broker","timestamp":"2024-09-14T17:15:57.392Z"}
{"level":"info","message":"Subscribed to sensor/temperature","timestamp":"2024-09-14T17:15:57.432Z"}
{"level":"info","message":"Subscribed to sensor/humidity","timestamp":"2024-09-14T17:15:57.435Z"}
{"level":"info","message":"Received message on sensor/humidity: 47","timestamp":"2024-09-14T17:15:57.436Z"}
{"code":"SQLITE_ERROR","errno":1,"level":"error","message":"Error saving rule: SQLITE_ERROR: table rules has no column named predicate","stack":"Error: SQLITE_ERROR: table rules has no column named predicate","timestamp":"2024-09-14T17:17:24.786Z"}
{"level":"info","message":"Server is now running and listening on http://0.0.0.0:8000","timestamp":"2024-09-14T17:18:38.434Z"}
{"level":"info","message":"Connected to SQLite database","timestamp":"2024-09-14T17:18:38.440Z"}
{"level":"info","message":"Database query successful. Number of rules:","timestamp":"2024-09-14T17:18:38.460Z"}
{"level":"info","message":"Connected to MQTT broker","timestamp":"2024-09-14T17:18:38.519Z"}
{"level":"info","message":"Subscribed to sensor/temperature","timestamp":"2024-09-14T17:18:38.556Z"}
{"level":"info","message":"Subscribed to sensor/humidity","timestamp":"2024-09-14T17:18:38.558Z"}
{"level":"info","message":"Received message on sensor/humidity: 47","timestamp":"2024-09-14T17:18:38.559Z"}
{"level":"info","message":"Server is now running and listening on http://0.0.0.0:8000","timestamp":"2024-09-14T17:18:51.303Z"}
{"level":"info","message":"Connected to SQLite database","timestamp":"2024-09-14T17:18:51.309Z"}
{"__augmented":true,"code":"SQLITE_ERROR","errno":1,"level":"error","message":"Error querying database: SQLITE_ERROR: no such table: rules","stack":"Error: SQLITE_ERROR: no such table: rules\n--> in Database#all('SELECT * FROM rules LIMIT 1', [Function (anonymous)])\n    at Database.<anonymous> (/Users/morente/Desktop/Logica_IoT/iot-sbr-logica-para-bots/backend/src/app.js:40:8)","timestamp":"2024-09-14T17:18:51.342Z"}
{"level":"info","message":"Connected to MQTT broker","timestamp":"2024-09-14T17:18:51.404Z"}
{"level":"info","message":"Subscribed to sensor/temperature","timestamp":"2024-09-14T17:18:51.443Z"}
{"level":"info","message":"Subscribed to sensor/humidity","timestamp":"2024-09-14T17:18:51.444Z"}
{"level":"info","message":"Received message on sensor/humidity: 47","timestamp":"2024-09-14T17:18:51.444Z"}
{"code":"SQLITE_ERROR","errno":1,"level":"error","message":"Error saving rule: SQLITE_ERROR: 1 values for 5 columns","stack":"Error: SQLITE_ERROR: 1 values for 5 columns","timestamp":"2024-09-14T17:18:53.906Z"}
{"level":"info","message":"Server is now running and listening on http://0.0.0.0:8000","timestamp":"2024-09-14T17:20:45.898Z"}
{"level":"info","message":"Connected to SQLite database","timestamp":"2024-09-14T17:20:45.908Z"}
{"level":"info","message":"Database query successful. Number of rules:","timestamp":"2024-09-14T17:20:46.004Z"}
{"level":"info","message":"Connected to MQTT broker","timestamp":"2024-09-14T17:20:46.041Z"}
{"level":"info","message":"Subscribed to sensor/temperature","timestamp":"2024-09-14T17:20:46.152Z"}
{"level":"info","message":"Subscribed to sensor/humidity","timestamp":"2024-09-14T17:20:46.152Z"}
{"level":"info","message":"Received message on sensor/humidity: 47","timestamp":"2024-09-14T17:20:46.153Z"}
{"code":"SQLITE_ERROR","errno":1,"level":"error","message":"Error saving rule: SQLITE_ERROR: no such column: do_init","stack":"Error: SQLITE_ERROR: no such column: do_init","timestamp":"2024-09-14T17:20:50.523Z"}
{"level":"info","message":"Server is now running and listening on http://0.0.0.0:8000","timestamp":"2024-09-14T17:21:36.090Z"}
{"level":"info","message":"Connected to SQLite database","timestamp":"2024-09-14T17:21:36.096Z"}
{"level":"info","message":"Database query successful. Number of rules:","timestamp":"2024-09-14T17:21:36.113Z"}
{"level":"info","message":"Connected to MQTT broker","timestamp":"2024-09-14T17:21:36.176Z"}
{"level":"info","message":"Subscribed to sensor/temperature","timestamp":"2024-09-14T17:21:36.304Z"}
{"level":"info","message":"Subscribed to sensor/humidity","timestamp":"2024-09-14T17:21:36.305Z"}
{"level":"info","message":"Received message on sensor/humidity: 47","timestamp":"2024-09-14T17:21:36.306Z"}
{"__augmented":true,"code":"SQLITE_RANGE","errno":25,"level":"error","message":"Error saving rule: SQLITE_RANGE: column index out of range","stack":"Error: SQLITE_RANGE: column index out of range\n--> in Statement#run([\n  '\"do_init\"',\n  '\"2\"',\n  '\"do_init(Arg1, Arg2)\"',\n  `\"do_init('user1', Result)\"`,\n  '\"state-machine\"'\n], [Function (anonymous)])\n    at Database.<anonymous> (/Users/morente/Desktop/Logica_IoT/iot-sbr-logica-para-bots/backend/node_modules/sqlite3/lib/sqlite3.js:76:19)\n    at Database.<anonymous> (/Users/morente/Desktop/Logica_IoT/iot-sbr-logica-para-bots/backend/node_modules/sqlite3/lib/sqlite3.js:20:19)\n    at /Users/morente/Desktop/Logica_IoT/iot-sbr-logica-para-bots/backend/src/models/rule.js:15:7\n    at new Promise (<anonymous>)\n    at Rule.create (/Users/morente/Desktop/Logica_IoT/iot-sbr-logica-para-bots/backend/src/models/rule.js:7:12)\n    at exports.saveRule (/Users/morente/Desktop/Logica_IoT/iot-sbr-logica-para-bots/backend/src/controllers/prolog-controller.js:8:29)\n    at Layer.handle [as handle_request] (/Users/morente/Desktop/Logica_IoT/iot-sbr-logica-para-bots/backend/node_modules/express/lib/router/layer.js:95:5)\n    at next (/Users/morente/Desktop/Logica_IoT/iot-sbr-logica-para-bots/backend/node_modules/express/lib/router/route.js:149:13)","timestamp":"2024-09-14T17:21:39.462Z"}
{"level":"info","message":"Server is now running and listening on http://0.0.0.0:8000","timestamp":"2024-09-14T17:22:16.770Z"}
{"level":"info","message":"Connected to SQLite database","timestamp":"2024-09-14T17:22:16.776Z"}
{"level":"info","message":"Database query successful. Number of rules:","timestamp":"2024-09-14T17:22:16.785Z"}
{"level":"info","message":"Connected to MQTT broker","timestamp":"2024-09-14T17:22:16.855Z"}
{"level":"info","message":"Subscribed to sensor/temperature","timestamp":"2024-09-14T17:22:17.055Z"}
{"level":"info","message":"Subscribed to sensor/humidity","timestamp":"2024-09-14T17:22:17.059Z"}
{"level":"info","message":"Received message on sensor/humidity: 47","timestamp":"2024-09-14T17:22:17.067Z"}
{"level":"info","message":"Server is now running and listening on http://0.0.0.0:8000","timestamp":"2024-09-14T17:23:08.543Z"}
{"level":"info","message":"Connected to SQLite database","timestamp":"2024-09-14T17:23:08.548Z"}
{"level":"info","message":"Database query successful. Number of rules:","timestamp":"2024-09-14T17:23:08.628Z"}
{"level":"info","message":"Connected to MQTT broker","timestamp":"2024-09-14T17:23:08.673Z"}
{"level":"info","message":"Subscribed to sensor/temperature","timestamp":"2024-09-14T17:23:08.711Z"}
{"level":"info","message":"Subscribed to sensor/humidity","timestamp":"2024-09-14T17:23:08.712Z"}
{"level":"info","message":"Received message on sensor/humidity: 47","timestamp":"2024-09-14T17:23:08.713Z"}
{"__augmented":true,"code":"SQLITE_RANGE","errno":25,"level":"error","message":"Error saving rule: SQLITE_RANGE: column index out of range","stack":"Error: SQLITE_RANGE: column index out of range\n--> in Statement#run([\n  '\"do_init\"',\n  '\"2\"',\n  '\"do_initArg1 Arg2\"',\n  '\"do_inituser1 Result\"',\n  '\"statemachine\"'\n], [Function (anonymous)])\n    at Database.<anonymous> (/Users/morente/Desktop/Logica_IoT/iot-sbr-logica-para-bots/backend/node_modules/sqlite3/lib/sqlite3.js:76:19)\n    at Database.<anonymous> (/Users/morente/Desktop/Logica_IoT/iot-sbr-logica-para-bots/backend/node_modules/sqlite3/lib/sqlite3.js:20:19)\n    at /Users/morente/Desktop/Logica_IoT/iot-sbr-logica-para-bots/backend/src/models/rule.js:21:7\n    at new Promise (<anonymous>)\n    at Rule.create (/Users/morente/Desktop/Logica_IoT/iot-sbr-logica-para-bots/backend/src/models/rule.js:7:12)\n    at exports.saveRule (/Users/morente/Desktop/Logica_IoT/iot-sbr-logica-para-bots/backend/src/controllers/prolog-controller.js:8:29)\n    at Layer.handle [as handle_request] (/Users/morente/Desktop/Logica_IoT/iot-sbr-logica-para-bots/backend/node_modules/express/lib/router/layer.js:95:5)\n    at next (/Users/morente/Desktop/Logica_IoT/iot-sbr-logica-para-bots/backend/node_modules/express/lib/router/route.js:149:13)","timestamp":"2024-09-14T17:23:09.779Z"}
{"level":"info","message":"Server is now running and listening on http://0.0.0.0:8000","timestamp":"2024-09-14T17:23:51.717Z"}
{"level":"info","message":"Connected to SQLite database","timestamp":"2024-09-14T17:23:51.722Z"}
{"level":"info","message":"Database query successful. Number of rules:","timestamp":"2024-09-14T17:23:51.752Z"}
{"level":"info","message":"Connected to MQTT broker","timestamp":"2024-09-14T17:23:51.825Z"}
{"level":"info","message":"Subscribed to sensor/temperature","timestamp":"2024-09-14T17:23:51.866Z"}
{"level":"info","message":"Subscribed to sensor/humidity","timestamp":"2024-09-14T17:23:51.867Z"}
{"level":"info","message":"Received message on sensor/humidity: 47","timestamp":"2024-09-14T17:23:51.867Z"}
{"__augmented":true,"code":"SQLITE_RANGE","errno":25,"level":"error","message":"Error saving rule: SQLITE_RANGE: column index out of range","stack":"Error: SQLITE_RANGE: column index out of range\n--> in Statement#run([\n  \"'do_init'\",\n  \"'2'\",\n  \"'do_initArg1 Arg2'\",\n  \"'do_inituser1 Result'\",\n  \"'statemachine'\"\n], [Function (anonymous)])\n    at Database.<anonymous> (/Users/morente/Desktop/Logica_IoT/iot-sbr-logica-para-bots/backend/node_modules/sqlite3/lib/sqlite3.js:76:19)\n    at Database.<anonymous> (/Users/morente/Desktop/Logica_IoT/iot-sbr-logica-para-bots/backend/node_modules/sqlite3/lib/sqlite3.js:20:19)\n    at /Users/morente/Desktop/Logica_IoT/iot-sbr-logica-para-bots/backend/src/models/rule.js:21:7\n    at new Promise (<anonymous>)\n    at Rule.create (/Users/morente/Desktop/Logica_IoT/iot-sbr-logica-para-bots/backend/src/models/rule.js:7:12)\n    at exports.saveRule (/Users/morente/Desktop/Logica_IoT/iot-sbr-logica-para-bots/backend/src/controllers/prolog-controller.js:8:29)\n    at Layer.handle [as handle_request] (/Users/morente/Desktop/Logica_IoT/iot-sbr-logica-para-bots/backend/node_modules/express/lib/router/layer.js:95:5)\n    at next (/Users/morente/Desktop/Logica_IoT/iot-sbr-logica-para-bots/backend/node_modules/express/lib/router/route.js:149:13)","timestamp":"2024-09-14T17:23:53.487Z"}
{"level":"info","message":"Server is now running and listening on http://0.0.0.0:8000","timestamp":"2024-09-14T17:24:49.091Z"}
{"level":"info","message":"Connected to SQLite database","timestamp":"2024-09-14T17:24:49.307Z"}
{"level":"info","message":"Database query successful. Number of rules:","timestamp":"2024-09-14T17:24:49.367Z"}
{"level":"info","message":"Connected to MQTT broker","timestamp":"2024-09-14T17:24:49.553Z"}
{"level":"info","message":"Subscribed to sensor/temperature","timestamp":"2024-09-14T17:24:49.607Z"}
{"level":"info","message":"Subscribed to sensor/humidity","timestamp":"2024-09-14T17:24:49.612Z"}
{"level":"info","message":"Received message on sensor/humidity: 47","timestamp":"2024-09-14T17:24:49.614Z"}
{"level":"info","message":"Server is now running and listening on http://0.0.0.0:8000","timestamp":"2024-09-14T17:25:04.075Z"}
{"level":"info","message":"Connected to SQLite database","timestamp":"2024-09-14T17:25:04.081Z"}
{"level":"info","message":"Database query successful. Number of rules:","timestamp":"2024-09-14T17:25:04.123Z"}
{"level":"info","message":"Connected to MQTT broker","timestamp":"2024-09-14T17:25:04.160Z"}
{"level":"info","message":"Subscribed to sensor/temperature","timestamp":"2024-09-14T17:25:04.200Z"}
{"level":"info","message":"Subscribed to sensor/humidity","timestamp":"2024-09-14T17:25:04.206Z"}
{"level":"info","message":"Received message on sensor/humidity: 47","timestamp":"2024-09-14T17:25:04.209Z"}
{"level":"info","message":"Server is now running and listening on http://0.0.0.0:8000","timestamp":"2024-09-14T17:25:21.236Z"}
{"level":"info","message":"Connected to SQLite database","timestamp":"2024-09-14T17:25:21.247Z"}
{"level":"info","message":"Database query successful. Number of rules:","timestamp":"2024-09-14T17:25:21.304Z"}
{"level":"info","message":"Connected to MQTT broker","timestamp":"2024-09-14T17:25:21.354Z"}
{"level":"info","message":"Subscribed to sensor/temperature","timestamp":"2024-09-14T17:25:21.417Z"}
{"level":"info","message":"Subscribed to sensor/humidity","timestamp":"2024-09-14T17:25:21.419Z"}
{"level":"info","message":"Received message on sensor/humidity: 47","timestamp":"2024-09-14T17:25:21.419Z"}
{"__augmented":true,"code":"SQLITE_RANGE","errno":25,"level":"error","message":"Error saving rule: SQLITE_RANGE: column index out of range","stack":"Error: SQLITE_RANGE: column index out of range\n--> in Statement#run([\n  \"'do_init'\",\n  \"'2'\",\n  \"'do_initArg1 Arg2'\",\n  \"'do_inituser1 Result'\",\n  \"'statemachine'\"\n], [Function (anonymous)])\n    at Database.<anonymous> (/Users/morente/Desktop/Logica_IoT/iot-sbr-logica-para-bots/backend/node_modules/sqlite3/lib/sqlite3.js:76:19)\n    at Database.<anonymous> (/Users/morente/Desktop/Logica_IoT/iot-sbr-logica-para-bots/backend/node_modules/sqlite3/lib/sqlite3.js:20:19)\n    at /Users/morente/Desktop/Logica_IoT/iot-sbr-logica-para-bots/backend/src/models/rule.js:21:7\n    at new Promise (<anonymous>)\n    at Rule.create (/Users/morente/Desktop/Logica_IoT/iot-sbr-logica-para-bots/backend/src/models/rule.js:7:12)\n    at exports.saveRule (/Users/morente/Desktop/Logica_IoT/iot-sbr-logica-para-bots/backend/src/controllers/prolog-controller.js:8:29)\n    at Layer.handle [as handle_request] (/Users/morente/Desktop/Logica_IoT/iot-sbr-logica-para-bots/backend/node_modules/express/lib/router/layer.js:95:5)\n    at next (/Users/morente/Desktop/Logica_IoT/iot-sbr-logica-para-bots/backend/node_modules/express/lib/router/route.js:149:13)","timestamp":"2024-09-14T17:25:27.264Z"}
{"level":"info","message":"Server is now running and listening on http://0.0.0.0:8000","timestamp":"2024-09-14T17:25:40.192Z"}
{"level":"info","message":"Connected to SQLite database","timestamp":"2024-09-14T17:25:40.197Z"}
{"__augmented":true,"code":"SQLITE_ERROR","errno":1,"level":"error","message":"Error querying database: SQLITE_ERROR: no such table: rules","stack":"Error: SQLITE_ERROR: no such table: rules\n--> in Database#all('SELECT * FROM rules LIMIT 1', [Function (anonymous)])\n    at Database.<anonymous> (/Users/morente/Desktop/Logica_IoT/iot-sbr-logica-para-bots/backend/src/app.js:40:8)","timestamp":"2024-09-14T17:25:40.213Z"}
{"level":"info","message":"Connected to MQTT broker","timestamp":"2024-09-14T17:25:40.297Z"}
{"level":"info","message":"Subscribed to sensor/temperature","timestamp":"2024-09-14T17:25:40.415Z"}
{"level":"info","message":"Subscribed to sensor/humidity","timestamp":"2024-09-14T17:25:40.416Z"}
{"level":"info","message":"Received message on sensor/humidity: 47","timestamp":"2024-09-14T17:25:40.420Z"}
{"__augmented":true,"code":"SQLITE_RANGE","errno":25,"level":"error","message":"Error saving rule: SQLITE_RANGE: column index out of range","stack":"Error: SQLITE_RANGE: column index out of range\n--> in Statement#run([\n  \"'do_init'\",\n  \"'2'\",\n  \"'do_initArg1 Arg2'\",\n  \"'do_inituser1 Result'\",\n  \"'statemachine'\"\n], [Function (anonymous)])\n    at Database.<anonymous> (/Users/morente/Desktop/Logica_IoT/iot-sbr-logica-para-bots/backend/node_modules/sqlite3/lib/sqlite3.js:76:19)\n    at Database.<anonymous> (/Users/morente/Desktop/Logica_IoT/iot-sbr-logica-para-bots/backend/node_modules/sqlite3/lib/sqlite3.js:20:19)\n    at /Users/morente/Desktop/Logica_IoT/iot-sbr-logica-para-bots/backend/src/models/rule.js:21:7\n    at new Promise (<anonymous>)\n    at Rule.create (/Users/morente/Desktop/Logica_IoT/iot-sbr-logica-para-bots/backend/src/models/rule.js:7:12)\n    at exports.saveRule (/Users/morente/Desktop/Logica_IoT/iot-sbr-logica-para-bots/backend/src/controllers/prolog-controller.js:8:29)\n    at Layer.handle [as handle_request] (/Users/morente/Desktop/Logica_IoT/iot-sbr-logica-para-bots/backend/node_modules/express/lib/router/layer.js:95:5)\n    at next (/Users/morente/Desktop/Logica_IoT/iot-sbr-logica-para-bots/backend/node_modules/express/lib/router/route.js:149:13)","timestamp":"2024-09-14T17:25:59.691Z"}
{"level":"info","message":"Server is now running and listening on http://0.0.0.0:8000","timestamp":"2024-09-14T17:27:33.552Z"}
{"level":"info","message":"Connected to SQLite database","timestamp":"2024-09-14T17:27:33.559Z"}
{"level":"info","message":"Database query successful. Number of rules:","timestamp":"2024-09-14T17:27:33.982Z"}
{"level":"info","message":"Connected to MQTT broker","timestamp":"2024-09-14T17:27:34.059Z"}
{"level":"info","message":"Subscribed to sensor/temperature","timestamp":"2024-09-14T17:27:34.095Z"}
{"level":"info","message":"Subscribed to sensor/humidity","timestamp":"2024-09-14T17:27:34.097Z"}
{"level":"info","message":"Received message on sensor/humidity: 47","timestamp":"2024-09-14T17:27:34.099Z"}
{"level":"info","message":"Server is now running and listening on http://0.0.0.0:8000","timestamp":"2024-09-14T17:30:20.409Z"}
{"level":"info","message":"Connected to SQLite database","timestamp":"2024-09-14T17:30:20.427Z"}
{"level":"info","message":"Database query successful. Number of rules:","timestamp":"2024-09-14T17:30:20.442Z"}
{"level":"info","message":"Connected to MQTT broker","timestamp":"2024-09-14T17:30:20.670Z"}
{"level":"info","message":"Subscribed to sensor/temperature","timestamp":"2024-09-14T17:30:20.839Z"}
{"level":"info","message":"Subscribed to sensor/humidity","timestamp":"2024-09-14T17:30:20.840Z"}
{"level":"info","message":"Received message on sensor/humidity: 47","timestamp":"2024-09-14T17:30:20.842Z"}
{"level":"info","message":"Server is now running and listening on http://0.0.0.0:8000","timestamp":"2024-09-14T17:30:37.028Z"}
{"level":"info","message":"Connected to SQLite database","timestamp":"2024-09-14T17:30:37.033Z"}
{"level":"info","message":"Connected to MQTT broker","timestamp":"2024-09-14T17:30:37.111Z"}
{"level":"info","message":"Subscribed to sensor/temperature","timestamp":"2024-09-14T17:30:37.149Z"}
{"level":"info","message":"Subscribed to sensor/humidity","timestamp":"2024-09-14T17:30:37.149Z"}
{"level":"info","message":"Received message on sensor/humidity: 47","timestamp":"2024-09-14T17:30:37.150Z"}
{"__augmented":true,"code":"SQLITE_READONLY","errno":8,"level":"error","message":"Error saving rule: SQLITE_READONLY: attempt to write a readonly database","stack":"Error: SQLITE_READONLY: attempt to write a readonly database\n--> in Statement#run([\n  'do_init',\n  2,\n  'do_init(Arg1, Arg2)',\n  \"do_init('user1', Result)\",\n  'state-machine'\n], [Function: replacement])\n    at Database.<anonymous> (/Users/morente/Desktop/Logica_IoT/iot-sbr-logica-para-bots/backend/node_modules/sqlite3/lib/sqlite3.js:76:19)\n    at Database.<anonymous> (/Users/morente/Desktop/Logica_IoT/iot-sbr-logica-para-bots/backend/node_modules/sqlite3/lib/sqlite3.js:20:19)\n    at Statement.<anonymous> (/Users/morente/Desktop/Logica_IoT/iot-sbr-logica-para-bots/backend/src/models/rule.js:40:9)","timestamp":"2024-09-14T17:30:46.287Z"}
{"level":"info","message":"Server is now running and listening on http://0.0.0.0:8000","timestamp":"2024-09-14T17:32:05.988Z"}
{"level":"info","message":"Connected to SQLite database","timestamp":"2024-09-14T17:32:05.995Z"}
{"__augmented":true,"code":"SQLITE_ERROR","errno":1,"level":"error","message":"Error querying database: SQLITE_ERROR: no such table: rules","stack":"Error: SQLITE_ERROR: no such table: rules\n--> in Database#all('SELECT * FROM rules LIMIT 1', [Function (anonymous)])\n    at Database.<anonymous> (/Users/morente/Desktop/Logica_IoT/iot-sbr-logica-para-bots/backend/src/app.js:40:8)","timestamp":"2024-09-14T17:32:06.017Z"}
{"level":"info","message":"Connected to MQTT broker","timestamp":"2024-09-14T17:32:06.242Z"}
{"level":"info","message":"Subscribed to sensor/temperature","timestamp":"2024-09-14T17:32:06.281Z"}
{"level":"info","message":"Subscribed to sensor/humidity","timestamp":"2024-09-14T17:32:06.283Z"}
{"level":"info","message":"Received message on sensor/humidity: 47","timestamp":"2024-09-14T17:32:06.284Z"}
{"level":"info","message":"Server is now running and listening on http://0.0.0.0:8000","timestamp":"2024-09-14T17:32:28.741Z"}
{"level":"info","message":"Connected to SQLite database","timestamp":"2024-09-14T17:32:28.747Z"}
{"level":"info","message":"Database query successful. Number of rules:","timestamp":"2024-09-14T17:32:28.767Z"}
{"level":"info","message":"Connected to MQTT broker","timestamp":"2024-09-14T17:32:28.827Z"}
{"level":"info","message":"Subscribed to sensor/temperature","timestamp":"2024-09-14T17:32:28.867Z"}
{"level":"info","message":"Subscribed to sensor/humidity","timestamp":"2024-09-14T17:32:28.869Z"}
{"level":"info","message":"Received message on sensor/humidity: 47","timestamp":"2024-09-14T17:32:28.870Z"}
{"level":"info","message":"Server is now running and listening on http://0.0.0.0:8000","timestamp":"2024-09-14T17:34:48.852Z"}
{"level":"info","message":"Connected to SQLite database","timestamp":"2024-09-14T17:34:48.863Z"}
{"level":"info","message":"Database query successful. Number of rules:","timestamp":"2024-09-14T17:34:48.893Z"}
{"level":"info","message":"Connected to MQTT broker","timestamp":"2024-09-14T17:34:49.089Z"}
{"level":"info","message":"Subscribed to sensor/temperature","timestamp":"2024-09-14T17:34:49.131Z"}
{"level":"info","message":"Subscribed to sensor/humidity","timestamp":"2024-09-14T17:34:49.136Z"}
{"level":"info","message":"Received message on sensor/humidity: 47","timestamp":"2024-09-14T17:34:49.143Z"}
{"level":"info","message":"Server is now running and listening on http://0.0.0.0:8000","timestamp":"2024-09-14T17:35:24.250Z"}
{"level":"info","message":"Connected to SQLite database","timestamp":"2024-09-14T17:35:24.266Z"}
{"level":"info","message":"Database query successful. Number of rules:","timestamp":"2024-09-14T17:35:24.319Z"}
{"level":"info","message":"Connected to MQTT broker","timestamp":"2024-09-14T17:35:24.614Z"}
{"level":"info","message":"Subscribed to sensor/temperature","timestamp":"2024-09-14T17:35:24.656Z"}
{"level":"info","message":"Subscribed to sensor/humidity","timestamp":"2024-09-14T17:35:24.657Z"}
{"level":"info","message":"Received message on sensor/humidity: 47","timestamp":"2024-09-14T17:35:24.659Z"}
{"level":"info","message":"Server is now running and listening on http://0.0.0.0:8000","timestamp":"2024-09-14T17:35:26.504Z"}
{"level":"info","message":"Connected to SQLite database","timestamp":"2024-09-14T17:35:26.514Z"}
{"level":"info","message":"Database query successful. Number of rules:","timestamp":"2024-09-14T17:35:26.522Z"}
{"level":"info","message":"Connected to MQTT broker","timestamp":"2024-09-14T17:35:26.594Z"}
{"level":"info","message":"Subscribed to sensor/temperature","timestamp":"2024-09-14T17:35:26.631Z"}
{"level":"info","message":"Subscribed to sensor/humidity","timestamp":"2024-09-14T17:35:26.632Z"}
{"level":"info","message":"Received message on sensor/humidity: 47","timestamp":"2024-09-14T17:35:26.636Z"}
{"level":"info","message":"Server is now running and listening on http://0.0.0.0:8000","timestamp":"2024-09-14T17:51:28.812Z"}
{"level":"info","message":"Connected to SQLite database","timestamp":"2024-09-14T17:51:28.818Z"}
{"level":"info","message":"Database query successful. Number of rules:","timestamp":"2024-09-14T17:51:28.864Z"}
{"level":"info","message":"Connected to MQTT broker","timestamp":"2024-09-14T17:51:29.325Z"}
{"level":"info","message":"Subscribed to sensor/temperature","timestamp":"2024-09-14T17:51:29.363Z"}
{"level":"info","message":"Subscribed to sensor/humidity","timestamp":"2024-09-14T17:51:29.364Z"}
{"level":"info","message":"Received message on sensor/humidity: 47","timestamp":"2024-09-14T17:51:29.365Z"}
{"level":"info","message":"Server is now running and listening on http://0.0.0.0:8000","timestamp":"2024-09-14T18:15:25.135Z"}
{"level":"info","message":"Connected to SQLite database","timestamp":"2024-09-14T18:15:25.140Z"}
{"level":"info","message":"Database query successful. Number of rules:","timestamp":"2024-09-14T18:15:25.173Z"}
{"level":"info","message":"Connected to MQTT broker","timestamp":"2024-09-14T18:15:25.255Z"}
{"level":"info","message":"Subscribed to sensor/temperature","timestamp":"2024-09-14T18:15:25.296Z"}
{"level":"info","message":"Subscribed to sensor/humidity","timestamp":"2024-09-14T18:15:25.299Z"}
{"level":"info","message":"Received message on sensor/humidity: 47","timestamp":"2024-09-14T18:15:25.300Z"}
{"level":"info","message":"Server is now running and listening on http://0.0.0.0:8000","timestamp":"2024-09-14T18:20:55.647Z"}
{"level":"info","message":"Connected to SQLite database","timestamp":"2024-09-14T18:20:56.128Z"}
{"level":"info","message":"Database query successful. Number of rules:","timestamp":"2024-09-14T18:20:56.223Z"}
{"level":"info","message":"Connected to MQTT broker","timestamp":"2024-09-14T18:20:56.274Z"}
{"level":"info","message":"Subscribed to sensor/temperature","timestamp":"2024-09-14T18:20:56.497Z"}
{"level":"info","message":"Subscribed to sensor/humidity","timestamp":"2024-09-14T18:20:56.515Z"}
{"level":"info","message":"Received message on sensor/humidity: 47","timestamp":"2024-09-14T18:20:56.516Z"}
{"level":"info","message":"Server is now running and listening on http://0.0.0.0:8000","timestamp":"2024-09-14T18:23:19.647Z"}
{"level":"info","message":"Connected to SQLite database","timestamp":"2024-09-14T18:23:19.656Z"}
{"level":"info","message":"Database query successful. Number of rules:","timestamp":"2024-09-14T18:23:19.721Z"}
{"level":"info","message":"Connected to MQTT broker","timestamp":"2024-09-14T18:23:20.054Z"}
{"level":"info","message":"Subscribed to sensor/temperature","timestamp":"2024-09-14T18:23:20.093Z"}
{"level":"info","message":"Subscribed to sensor/humidity","timestamp":"2024-09-14T18:23:20.095Z"}
{"level":"info","message":"Received message on sensor/humidity: 47","timestamp":"2024-09-14T18:23:20.096Z"}
{"level":"info","message":"Server is now running and listening on http://0.0.0.0:8000","timestamp":"2024-09-14T18:24:25.455Z"}
{"level":"info","message":"Connected to SQLite database","timestamp":"2024-09-14T18:24:25.462Z"}
{"level":"info","message":"Database query successful. Number of rules:","timestamp":"2024-09-14T18:24:25.630Z"}
{"level":"info","message":"Connected to MQTT broker","timestamp":"2024-09-14T18:24:25.687Z"}
{"level":"info","message":"Subscribed to sensor/temperature","timestamp":"2024-09-14T18:24:25.962Z"}
{"level":"info","message":"Subscribed to sensor/humidity","timestamp":"2024-09-14T18:24:25.964Z"}
{"level":"info","message":"Received message on sensor/humidity: 47","timestamp":"2024-09-14T18:24:25.964Z"}
{"level":"info","message":"Server is now running and listening on http://0.0.0.0:8000","timestamp":"2024-09-14T18:24:54.234Z"}
{"level":"info","message":"Connected to SQLite database","timestamp":"2024-09-14T18:24:54.241Z"}
{"level":"info","message":"Database query successful. Number of rules:","timestamp":"2024-09-14T18:24:54.289Z"}
{"level":"info","message":"Connected to MQTT broker","timestamp":"2024-09-14T18:24:54.368Z"}
{"level":"info","message":"Subscribed to sensor/temperature","timestamp":"2024-09-14T18:24:54.411Z"}
{"level":"info","message":"Subscribed to sensor/humidity","timestamp":"2024-09-14T18:24:54.419Z"}
{"level":"info","message":"Received message on sensor/humidity: 47","timestamp":"2024-09-14T18:24:54.420Z"}
{"level":"info","message":"Server is now running and listening on http://0.0.0.0:8000","timestamp":"2024-09-14T18:26:20.457Z"}
{"level":"info","message":"Connected to SQLite database","timestamp":"2024-09-14T18:26:20.464Z"}
{"level":"info","message":"Database query successful. Number of rules:","timestamp":"2024-09-14T18:26:20.495Z"}
{"level":"info","message":"Connected to MQTT broker","timestamp":"2024-09-14T18:26:20.571Z"}
{"level":"info","message":"Subscribed to sensor/temperature","timestamp":"2024-09-14T18:26:20.613Z"}
{"level":"info","message":"Subscribed to sensor/humidity","timestamp":"2024-09-14T18:26:20.614Z"}
{"level":"info","message":"Received message on sensor/humidity: 47","timestamp":"2024-09-14T18:26:20.614Z"}
{"level":"info","message":"Server is now running and listening on http://0.0.0.0:8000","timestamp":"2024-09-14T18:27:27.788Z"}
{"level":"info","message":"Connected to SQLite database","timestamp":"2024-09-14T18:27:27.800Z"}
{"level":"info","message":"Database query successful. Number of rules:","timestamp":"2024-09-14T18:27:27.831Z"}
{"level":"info","message":"Connected to MQTT broker","timestamp":"2024-09-14T18:27:27.901Z"}
{"level":"info","message":"Subscribed to sensor/temperature","timestamp":"2024-09-14T18:27:27.973Z"}
{"level":"info","message":"Subscribed to sensor/humidity","timestamp":"2024-09-14T18:27:27.974Z"}
{"level":"info","message":"Received message on sensor/humidity: 47","timestamp":"2024-09-14T18:27:27.975Z"}
{"level":"info","message":"Server is now running and listening on http://0.0.0.0:8000","timestamp":"2024-09-14T18:28:51.111Z"}
{"level":"info","message":"Connected to SQLite database","timestamp":"2024-09-14T18:28:51.381Z"}
{"level":"info","message":"Database query successful. Number of rules:","timestamp":"2024-09-14T18:28:51.582Z"}
{"level":"info","message":"Connected to MQTT broker","timestamp":"2024-09-14T18:28:51.620Z"}
{"level":"info","message":"Subscribed to sensor/temperature","timestamp":"2024-09-14T18:28:51.756Z"}
{"level":"info","message":"Subscribed to sensor/humidity","timestamp":"2024-09-14T18:28:51.760Z"}
{"level":"info","message":"Received message on sensor/humidity: 47","timestamp":"2024-09-14T18:28:51.813Z"}
{"level":"info","message":"Server is now running and listening on http://0.0.0.0:8000","timestamp":"2024-09-14T18:29:51.533Z"}
{"level":"info","message":"Connected to SQLite database","timestamp":"2024-09-14T18:29:51.539Z"}
{"level":"info","message":"Database query successful. Number of rules:","timestamp":"2024-09-14T18:29:51.557Z"}
{"level":"info","message":"Connected to MQTT broker","timestamp":"2024-09-14T18:29:51.621Z"}
{"level":"info","message":"Subscribed to sensor/temperature","timestamp":"2024-09-14T18:29:51.659Z"}
{"level":"info","message":"Subscribed to sensor/humidity","timestamp":"2024-09-14T18:29:51.659Z"}
{"level":"info","message":"Received message on sensor/humidity: 47","timestamp":"2024-09-14T18:29:51.660Z"}
{"level":"info","message":"Server is now running and listening on http://0.0.0.0:8000","timestamp":"2024-09-14T18:30:44.102Z"}
{"level":"info","message":"Connected to SQLite database","timestamp":"2024-09-14T18:30:44.113Z"}
{"level":"info","message":"Database query successful. Number of rules:","timestamp":"2024-09-14T18:30:44.133Z"}
{"level":"info","message":"Connected to MQTT broker","timestamp":"2024-09-14T18:30:44.221Z"}
{"level":"info","message":"Subscribed to sensor/temperature","timestamp":"2024-09-14T18:30:44.490Z"}
{"level":"info","message":"Subscribed to sensor/humidity","timestamp":"2024-09-14T18:30:44.528Z"}
{"level":"info","message":"Received message on sensor/humidity: 47","timestamp":"2024-09-14T18:30:44.656Z"}
{"level":"info","message":"Server is now running and listening on http://0.0.0.0:8000","timestamp":"2024-09-14T18:31:18.611Z"}
{"level":"info","message":"Connected to SQLite database","timestamp":"2024-09-14T18:31:18.619Z"}
{"level":"info","message":"Database query successful. Number of rules:","timestamp":"2024-09-14T18:31:18.638Z"}
{"level":"info","message":"Connected to MQTT broker","timestamp":"2024-09-14T18:31:18.710Z"}
{"level":"info","message":"Subscribed to sensor/temperature","timestamp":"2024-09-14T18:31:18.765Z"}
{"level":"info","message":"Subscribed to sensor/humidity","timestamp":"2024-09-14T18:31:18.766Z"}
{"level":"info","message":"Received message on sensor/humidity: 47","timestamp":"2024-09-14T18:31:18.767Z"}
{"level":"info","message":"Server is now running and listening on http://0.0.0.0:8000","timestamp":"2024-09-14T18:31:26.688Z"}
{"level":"info","message":"Connected to SQLite database","timestamp":"2024-09-14T18:31:26.740Z"}
{"level":"info","message":"Database query successful. Number of rules:","timestamp":"2024-09-14T18:31:26.771Z"}
{"level":"info","message":"Connected to MQTT broker","timestamp":"2024-09-14T18:31:26.840Z"}
{"level":"info","message":"Subscribed to sensor/temperature","timestamp":"2024-09-14T18:31:26.882Z"}
{"level":"info","message":"Subscribed to sensor/humidity","timestamp":"2024-09-14T18:31:26.886Z"}
{"level":"info","message":"Received message on sensor/humidity: 47","timestamp":"2024-09-14T18:31:26.890Z"}
{"level":"info","message":"Server is now running and listening on http://0.0.0.0:8000","timestamp":"2024-09-14T18:32:07.039Z"}
{"level":"info","message":"Connected to SQLite database","timestamp":"2024-09-14T18:32:07.044Z"}
{"level":"info","message":"Database query successful. Number of rules:","timestamp":"2024-09-14T18:32:07.052Z"}
{"level":"info","message":"Connected to MQTT broker","timestamp":"2024-09-14T18:32:07.167Z"}
{"level":"info","message":"Subscribed to sensor/temperature","timestamp":"2024-09-14T18:32:07.208Z"}
{"level":"info","message":"Subscribed to sensor/humidity","timestamp":"2024-09-14T18:32:07.209Z"}
{"level":"info","message":"Received message on sensor/humidity: 47","timestamp":"2024-09-14T18:32:07.209Z"}
{"level":"info","message":"Server is now running and listening on http://0.0.0.0:8000","timestamp":"2024-09-14T18:32:09.068Z"}
{"level":"info","message":"Connected to SQLite database","timestamp":"2024-09-14T18:32:09.081Z"}
{"level":"info","message":"Database query successful. Number of rules:","timestamp":"2024-09-14T18:32:09.125Z"}
{"level":"info","message":"Connected to MQTT broker","timestamp":"2024-09-14T18:32:09.231Z"}
{"level":"info","message":"Subscribed to sensor/temperature","timestamp":"2024-09-14T18:32:09.322Z"}
{"level":"info","message":"Subscribed to sensor/humidity","timestamp":"2024-09-14T18:32:09.330Z"}
{"level":"info","message":"Received message on sensor/humidity: 47","timestamp":"2024-09-14T18:32:09.336Z"}
{"level":"info","message":"Server is now running and listening on http://0.0.0.0:8000","timestamp":"2024-09-14T18:32:13.644Z"}
{"level":"info","message":"Connected to SQLite database","timestamp":"2024-09-14T18:32:13.656Z"}
{"level":"info","message":"Database query successful. Number of rules:","timestamp":"2024-09-14T18:32:13.727Z"}
{"level":"info","message":"Connected to MQTT broker","timestamp":"2024-09-14T18:32:13.783Z"}
{"level":"info","message":"Subscribed to sensor/temperature","timestamp":"2024-09-14T18:32:13.824Z"}
{"level":"info","message":"Subscribed to sensor/humidity","timestamp":"2024-09-14T18:32:13.828Z"}
{"level":"info","message":"Received message on sensor/humidity: 47","timestamp":"2024-09-14T18:32:13.830Z"}
{"level":"info","message":"Server is now running and listening on http://0.0.0.0:8000","timestamp":"2024-09-14T18:32:22.590Z"}
{"level":"info","message":"Connected to SQLite database","timestamp":"2024-09-14T18:32:22.597Z"}
{"level":"info","message":"Database query successful. Number of rules:","timestamp":"2024-09-14T18:32:22.619Z"}
{"level":"info","message":"Connected to MQTT broker","timestamp":"2024-09-14T18:32:22.924Z"}
{"level":"info","message":"Subscribed to sensor/temperature","timestamp":"2024-09-14T18:32:23.186Z"}
{"level":"info","message":"Subscribed to sensor/humidity","timestamp":"2024-09-14T18:32:23.190Z"}
{"level":"info","message":"Received message on sensor/humidity: 47","timestamp":"2024-09-14T18:32:23.191Z"}
{"level":"info","message":"Server is now running and listening on http://0.0.0.0:8000","timestamp":"2024-09-14T18:33:40.229Z"}
{"level":"info","message":"Connected to SQLite database","timestamp":"2024-09-14T18:33:40.235Z"}
{"level":"info","message":"Database query successful. Number of rules:","timestamp":"2024-09-14T18:33:40.305Z"}
{"level":"info","message":"Connected to MQTT broker","timestamp":"2024-09-14T18:33:40.346Z"}
{"level":"info","message":"Subscribed to sensor/temperature","timestamp":"2024-09-14T18:33:40.382Z"}
{"level":"info","message":"Subscribed to sensor/humidity","timestamp":"2024-09-14T18:33:40.386Z"}
{"level":"info","message":"Received message on sensor/humidity: 47","timestamp":"2024-09-14T18:33:40.387Z"}
{"level":"info","message":"Server is now running and listening on http://0.0.0.0:8000","timestamp":"2024-09-14T18:38:57.611Z"}
{"level":"info","message":"Connected to SQLite database","timestamp":"2024-09-14T18:38:57.623Z"}
{"level":"info","message":"Database query successful. Number of rules:","timestamp":"2024-09-14T18:38:57.649Z"}
{"level":"info","message":"Connected to MQTT broker","timestamp":"2024-09-14T18:38:57.704Z"}
{"level":"info","message":"Subscribed to sensor/temperature","timestamp":"2024-09-14T18:38:57.742Z"}
{"level":"info","message":"Subscribed to sensor/humidity","timestamp":"2024-09-14T18:38:57.743Z"}
{"level":"info","message":"Received message on sensor/humidity: 47","timestamp":"2024-09-14T18:38:57.744Z"}
{"level":"info","message":"Server is now running and listening on http://0.0.0.0:8000","timestamp":"2024-09-14T18:42:07.435Z"}
{"level":"info","message":"Connected to SQLite database","timestamp":"2024-09-14T18:42:07.442Z"}
{"level":"info","message":"Database query successful. Number of rules:","timestamp":"2024-09-14T18:42:07.472Z"}
{"level":"info","message":"Connected to MQTT broker","timestamp":"2024-09-14T18:42:07.524Z"}
{"level":"info","message":"Subscribed to sensor/temperature","timestamp":"2024-09-14T18:42:07.573Z"}
{"level":"info","message":"Subscribed to sensor/humidity","timestamp":"2024-09-14T18:42:07.573Z"}
{"level":"info","message":"Received message on sensor/humidity: 47","timestamp":"2024-09-14T18:42:07.576Z"}
{"level":"info","message":"Server is now running and listening on http://0.0.0.0:8000","timestamp":"2024-09-14T18:43:31.330Z"}
{"level":"info","message":"Connected to SQLite database","timestamp":"2024-09-14T18:43:31.336Z"}
{"level":"info","message":"Database query successful. Number of rules:","timestamp":"2024-09-14T18:43:31.381Z"}
{"level":"info","message":"Connected to MQTT broker","timestamp":"2024-09-14T18:43:31.852Z"}
{"level":"info","message":"Subscribed to sensor/temperature","timestamp":"2024-09-14T18:43:32.027Z"}
{"level":"info","message":"Subscribed to sensor/humidity","timestamp":"2024-09-14T18:43:32.028Z"}
{"level":"info","message":"Received message on sensor/humidity: 47","timestamp":"2024-09-14T18:43:32.028Z"}
{"level":"info","message":"Server is now running and listening on http://0.0.0.0:8000","timestamp":"2024-09-14T18:58:19.806Z"}
{"level":"info","message":"Connected to SQLite database","timestamp":"2024-09-14T18:58:19.811Z"}
{"level":"info","message":"Database query successful. Number of rules:","timestamp":"2024-09-14T18:58:19.824Z"}
{"level":"info","message":"Connected to MQTT broker","timestamp":"2024-09-14T18:58:20.289Z"}
{"level":"info","message":"Subscribed to sensor/temperature","timestamp":"2024-09-14T18:58:20.329Z"}
{"level":"info","message":"Subscribed to sensor/humidity","timestamp":"2024-09-14T18:58:20.330Z"}
{"level":"info","message":"Received message on sensor/humidity: 47","timestamp":"2024-09-14T18:58:20.331Z"}
{"level":"info","message":"Server is now running and listening on http://0.0.0.0:8000","timestamp":"2024-09-14T18:58:24.536Z"}
{"level":"info","message":"Connected to SQLite database","timestamp":"2024-09-14T18:58:24.544Z"}
{"level":"info","message":"Database query successful. Number of rules:","timestamp":"2024-09-14T18:58:24.572Z"}
{"level":"info","message":"Connected to MQTT broker","timestamp":"2024-09-14T18:58:24.637Z"}
{"level":"info","message":"Subscribed to sensor/temperature","timestamp":"2024-09-14T18:58:24.682Z"}
{"level":"info","message":"Subscribed to sensor/humidity","timestamp":"2024-09-14T18:58:24.683Z"}
{"level":"info","message":"Received message on sensor/humidity: 47","timestamp":"2024-09-14T18:58:24.684Z"}
{"level":"info","message":"Server is now running and listening on http://0.0.0.0:8000","timestamp":"2024-09-14T19:27:27.259Z"}
{"level":"info","message":"Connected to SQLite database","timestamp":"2024-09-14T19:27:27.264Z"}
{"level":"info","message":"Database query successful. Number of rules:","timestamp":"2024-09-14T19:27:27.287Z"}
{"level":"info","message":"Connected to MQTT broker","timestamp":"2024-09-14T19:27:27.375Z"}
{"level":"info","message":"Subscribed to sensor/temperature","timestamp":"2024-09-14T19:27:27.412Z"}
{"level":"info","message":"Subscribed to sensor/humidity","timestamp":"2024-09-14T19:27:27.412Z"}
{"level":"info","message":"Received message on sensor/humidity: 47","timestamp":"2024-09-14T19:27:27.412Z"}
{"level":"info","message":"Server is now running and listening on http://0.0.0.0:8000","timestamp":"2024-09-14T19:30:49.968Z"}
{"level":"info","message":"Connected to SQLite database","timestamp":"2024-09-14T19:30:49.974Z"}
{"level":"info","message":"Database query successful. Number of rules:","timestamp":"2024-09-14T19:30:50.016Z"}
{"level":"info","message":"Connected to MQTT broker","timestamp":"2024-09-14T19:30:50.071Z"}
{"level":"info","message":"Subscribed to sensor/temperature","timestamp":"2024-09-14T19:30:50.331Z"}
{"level":"info","message":"Subscribed to sensor/humidity","timestamp":"2024-09-14T19:30:50.332Z"}
{"level":"info","message":"Received message on sensor/humidity: 47","timestamp":"2024-09-14T19:30:50.334Z"}
{"level":"info","message":"Server is now running and listening on http://0.0.0.0:8000","timestamp":"2024-09-14T19:32:25.801Z"}
{"level":"info","message":"Connected to SQLite database","timestamp":"2024-09-14T19:32:25.806Z"}
{"level":"info","message":"Database query successful. Number of rules:","timestamp":"2024-09-14T19:32:25.838Z"}
{"level":"info","message":"Connected to MQTT broker","timestamp":"2024-09-14T19:32:26.106Z"}
{"level":"info","message":"Subscribed to sensor/temperature","timestamp":"2024-09-14T19:32:26.151Z"}
{"level":"info","message":"Subscribed to sensor/humidity","timestamp":"2024-09-14T19:32:26.161Z"}
{"level":"info","message":"Received message on sensor/humidity: 47","timestamp":"2024-09-14T19:32:26.166Z"}
{"level":"info","message":"Server is now running and listening on http://0.0.0.0:8000","timestamp":"2024-09-14T19:33:43.034Z"}
{"level":"info","message":"Connected to SQLite database","timestamp":"2024-09-14T19:33:43.041Z"}
{"level":"info","message":"Database query successful. Number of rules:","timestamp":"2024-09-14T19:33:43.072Z"}
{"level":"info","message":"Connected to MQTT broker","timestamp":"2024-09-14T19:33:43.183Z"}
{"level":"info","message":"Subscribed to sensor/temperature","timestamp":"2024-09-14T19:33:43.224Z"}
{"level":"info","message":"Subscribed to sensor/humidity","timestamp":"2024-09-14T19:33:43.226Z"}
{"level":"info","message":"Received message on sensor/humidity: 47","timestamp":"2024-09-14T19:33:43.226Z"}
{"level":"info","message":"Server is now running and listening on http://0.0.0.0:8000","timestamp":"2024-09-14T19:36:14.092Z"}
{"level":"info","message":"Connected to SQLite database","timestamp":"2024-09-14T19:36:14.098Z"}
{"level":"info","message":"Database query successful. Number of rules:","timestamp":"2024-09-14T19:36:14.194Z"}
{"level":"info","message":"Connected to MQTT broker","timestamp":"2024-09-14T19:36:14.288Z"}
{"level":"info","message":"Subscribed to sensor/temperature","timestamp":"2024-09-14T19:36:14.378Z"}
{"level":"info","message":"Subscribed to sensor/humidity","timestamp":"2024-09-14T19:36:14.381Z"}
{"level":"info","message":"Received message on sensor/humidity: 47","timestamp":"2024-09-14T19:36:14.386Z"}
{"level":"info","message":"Server is now running and listening on http://0.0.0.0:8000","timestamp":"2024-09-14T19:38:35.796Z"}
{"level":"info","message":"Connected to SQLite database","timestamp":"2024-09-14T19:38:35.801Z"}
{"level":"info","message":"Database query successful. Number of rules:","timestamp":"2024-09-14T19:38:35.834Z"}
{"level":"info","message":"Connected to MQTT broker","timestamp":"2024-09-14T19:38:35.880Z"}
{"level":"info","message":"Subscribed to sensor/temperature","timestamp":"2024-09-14T19:38:35.917Z"}
{"level":"info","message":"Subscribed to sensor/humidity","timestamp":"2024-09-14T19:38:35.919Z"}
{"level":"info","message":"Received message on sensor/humidity: 47","timestamp":"2024-09-14T19:38:35.920Z"}
